c:\users\kuba\documents\visual studio 2017\projects\pea_komiwojazer\pea_komiwojazer\release\pea_komiwojazer.pch
c:\users\kuba\documents\visual studio 2017\projects\pea_komiwojazer\pea_komiwojazer\release\vc141.pdb
c:\users\kuba\documents\visual studio 2017\projects\pea_komiwojazer\pea_komiwojazer\release\stdafx.obj
c:\users\kuba\documents\visual studio 2017\projects\pea_komiwojazer\pea_komiwojazer\release\tabu.obj
c:\users\kuba\documents\visual studio 2017\projects\pea_komiwojazer\pea_komiwojazer\release\menu.obj
c:\users\kuba\documents\visual studio 2017\projects\pea_komiwojazer\pea_komiwojazer\release\main.obj
c:\users\kuba\documents\visual studio 2017\projects\pea_komiwojazer\pea_komiwojazer\release\komiwojazer.obj
c:\users\kuba\documents\visual studio 2017\projects\pea_komiwojazer\pea_komiwojazer\release\dynamiczneprogramowanie.obj
c:\users\kuba\documents\visual studio 2017\projects\pea_komiwojazer\pea_komiwojazer\release\bruteforce.obj
c:\users\kuba\documents\visual studio 2017\projects\pea_komiwojazer\release\pea_komiwojazer.exe
c:\users\kuba\documents\visual studio 2017\projects\pea_komiwojazer\release\pea_komiwojazer.pdb
c:\users\kuba\documents\visual studio 2017\projects\pea_komiwojazer\release\pea_komiwojazer.ipdb
c:\users\kuba\documents\visual studio 2017\projects\pea_komiwojazer\release\pea_komiwojazer.iobj
c:\users\kuba\documents\visual studio 2017\projects\pea_komiwojazer\pea_komiwojazer\release\pea_komiwojazer.tlog\cl.command.1.tlog
c:\users\kuba\documents\visual studio 2017\projects\pea_komiwojazer\pea_komiwojazer\release\pea_komiwojazer.tlog\cl.read.1.tlog
c:\users\kuba\documents\visual studio 2017\projects\pea_komiwojazer\pea_komiwojazer\release\pea_komiwojazer.tlog\cl.write.1.tlog
c:\users\kuba\documents\visual studio 2017\projects\pea_komiwojazer\pea_komiwojazer\release\pea_komiwojazer.tlog\link.command.1.tlog
c:\users\kuba\documents\visual studio 2017\projects\pea_komiwojazer\pea_komiwojazer\release\pea_komiwojazer.tlog\link.read.1.tlog
c:\users\kuba\documents\visual studio 2017\projects\pea_komiwojazer\pea_komiwojazer\release\pea_komiwojazer.tlog\link.write.1.tlog
c:\users\kuba\documents\visual studio 2017\projects\pea_komiwojazer\pea_komiwojazer\release\pea_komiwojazer.tlog\pea_komiwojazer.write.1u.tlog
